<?xml version="1.0" encoding="UTF-8"?>
<testsuite xmlns:xsi="http://www.w3.org/2001/XMLSchema-instance" xsi:noNamespaceSchemaLocation="https://maven.apache.org/surefire/maven-failsafe-plugin/xsd/failsafe-test-report-3.0.xsd" version="3.0" name="com.gfg.zerocode.rest.GeekUserEndpointIT" time="1.724" tests="1" errors="0" skipped="0" failures="0">
  <properties>
    <property name="sun.desktop" value="windows"/>
    <property name="awt.toolkit" value="sun.awt.windows.WToolkit"/>
    <property name="file.encoding.pkg" value="sun.io"/>
    <property name="java.specification.version" value="1.8"/>
    <property name="skip.it" value="false"/>
    <property name="sun.cpu.isalist" value="amd64"/>
    <property name="sun.jnu.encoding" value="Cp1252"/>
    <property name="java.class.path" value="D:\Priya\geeksforgeeks\tutorials-master\tutorials-master\testing-modules\zerocode\target\test-classes;D:\Priya\geeksforgeeks\tutorials-master\tutorials-master\testing-modules\zerocode\target\zerocode-1.0-SNAPSHOT.jar;C:\Users\DWLL\.m2\repository\org\springframework\boot\spring-boot-starter-web\2.4.2\spring-boot-starter-web-2.4.2.jar;C:\Users\DWLL\.m2\repository\org\springframework\boot\spring-boot-starter\2.4.2\spring-boot-starter-2.4.2.jar;C:\Users\DWLL\.m2\repository\org\springframework\boot\spring-boot\2.4.2\spring-boot-2.4.2.jar;C:\Users\DWLL\.m2\repository\org\springframework\boot\spring-boot-autoconfigure\2.4.2\spring-boot-autoconfigure-2.4.2.jar;C:\Users\DWLL\.m2\repository\org\springframework\boot\spring-boot-starter-logging\2.4.2\spring-boot-starter-logging-2.4.2.jar;C:\Users\DWLL\.m2\repository\org\apache\logging\log4j\log4j-to-slf4j\2.13.3\log4j-to-slf4j-2.13.3.jar;C:\Users\DWLL\.m2\repository\org\apache\logging\log4j\log4j-api\2.13.3\log4j-api-2.13.3.jar;C:\Users\DWLL\.m2\repository\org\slf4j\jul-to-slf4j\1.7.30\jul-to-slf4j-1.7.30.jar;C:\Users\DWLL\.m2\repository\jakarta\annotation\jakarta.annotation-api\1.3.5\jakarta.annotation-api-1.3.5.jar;C:\Users\DWLL\.m2\repository\org\yaml\snakeyaml\1.27\snakeyaml-1.27.jar;C:\Users\DWLL\.m2\repository\org\springframework\boot\spring-boot-starter-json\2.4.2\spring-boot-starter-json-2.4.2.jar;C:\Users\DWLL\.m2\repository\com\fasterxml\jackson\datatype\jackson-datatype-jsr310\2.11.4\jackson-datatype-jsr310-2.11.4.jar;C:\Users\DWLL\.m2\repository\com\fasterxml\jackson\module\jackson-module-parameter-names\2.11.4\jackson-module-parameter-names-2.11.4.jar;C:\Users\DWLL\.m2\repository\org\springframework\boot\spring-boot-starter-tomcat\2.4.2\spring-boot-starter-tomcat-2.4.2.jar;C:\Users\DWLL\.m2\repository\org\apache\tomcat\embed\tomcat-embed-core\9.0.41\tomcat-embed-core-9.0.41.jar;C:\Users\DWLL\.m2\repository\org\glassfish\jakarta.el\3.0.3\jakarta.el-3.0.3.jar;C:\Users\DWLL\.m2\repository\org\apache\tomcat\embed\tomcat-embed-websocket\9.0.41\tomcat-embed-websocket-9.0.41.jar;C:\Users\DWLL\.m2\repository\org\springframework\spring-web\5.3.3\spring-web-5.3.3.jar;C:\Users\DWLL\.m2\repository\org\springframework\spring-beans\5.3.3\spring-beans-5.3.3.jar;C:\Users\DWLL\.m2\repository\org\springframework\spring-webmvc\5.3.3\spring-webmvc-5.3.3.jar;C:\Users\DWLL\.m2\repository\org\springframework\spring-aop\5.3.3\spring-aop-5.3.3.jar;C:\Users\DWLL\.m2\repository\org\springframework\spring-context\5.3.3\spring-context-5.3.3.jar;C:\Users\DWLL\.m2\repository\org\springframework\spring-expression\5.3.3\spring-expression-5.3.3.jar;C:\Users\DWLL\.m2\repository\org\springframework\boot\spring-boot-starter-test\2.4.2\spring-boot-starter-test-2.4.2.jar;C:\Users\DWLL\.m2\repository\org\springframework\boot\spring-boot-test\2.4.2\spring-boot-test-2.4.2.jar;C:\Users\DWLL\.m2\repository\org\springframework\boot\spring-boot-test-autoconfigure\2.4.2\spring-boot-test-autoconfigure-2.4.2.jar;C:\Users\DWLL\.m2\repository\com\jayway\jsonpath\json-path\2.4.0\json-path-2.4.0.jar;C:\Users\DWLL\.m2\repository\net\minidev\json-smart\2.3\json-smart-2.3.jar;C:\Users\DWLL\.m2\repository\net\minidev\accessors-smart\1.2\accessors-smart-1.2.jar;C:\Users\DWLL\.m2\repository\org\ow2\asm\asm\5.0.4\asm-5.0.4.jar;C:\Users\DWLL\.m2\repository\org\slf4j\slf4j-api\1.7.25\slf4j-api-1.7.25.jar;C:\Users\DWLL\.m2\repository\jakarta\xml\bind\jakarta.xml.bind-api\2.3.3\jakarta.xml.bind-api-2.3.3.jar;C:\Users\DWLL\.m2\repository\jakarta\activation\jakarta.activation-api\1.2.2\jakarta.activation-api-1.2.2.jar;C:\Users\DWLL\.m2\repository\org\assertj\assertj-core\3.18.1\assertj-core-3.18.1.jar;C:\Users\DWLL\.m2\repository\org\hamcrest\hamcrest\2.2\hamcrest-2.2.jar;C:\Users\DWLL\.m2\repository\org\junit\jupiter\junit-jupiter\5.7.0\junit-jupiter-5.7.0.jar;C:\Users\DWLL\.m2\repository\org\junit\jupiter\junit-jupiter-api\5.7.0\junit-jupiter-api-5.7.0.jar;C:\Users\DWLL\.m2\repository\org\apiguardian\apiguardian-api\1.1.0\apiguardian-api-1.1.0.jar;C:\Users\DWLL\.m2\repository\org\opentest4j\opentest4j\1.2.0\opentest4j-1.2.0.jar;C:\Users\DWLL\.m2\repository\org\junit\platform\junit-platform-commons\1.7.0\junit-platform-commons-1.7.0.jar;C:\Users\DWLL\.m2\repository\org\junit\jupiter\junit-jupiter-params\5.7.0\junit-jupiter-params-5.7.0.jar;C:\Users\DWLL\.m2\repository\org\junit\jupiter\junit-jupiter-engine\5.7.0\junit-jupiter-engine-5.7.0.jar;C:\Users\DWLL\.m2\repository\org\junit\platform\junit-platform-engine\1.7.0\junit-platform-engine-1.7.0.jar;C:\Users\DWLL\.m2\repository\org\mockito\mockito-core\3.6.28\mockito-core-3.6.28.jar;C:\Users\DWLL\.m2\repository\net\bytebuddy\byte-buddy\1.10.18\byte-buddy-1.10.18.jar;C:\Users\DWLL\.m2\repository\net\bytebuddy\byte-buddy-agent\1.10.18\byte-buddy-agent-1.10.18.jar;C:\Users\DWLL\.m2\repository\org\objenesis\objenesis\3.1\objenesis-3.1.jar;C:\Users\DWLL\.m2\repository\org\mockito\mockito-junit-jupiter\3.6.28\mockito-junit-jupiter-3.6.28.jar;C:\Users\DWLL\.m2\repository\org\skyscreamer\jsonassert\1.5.0\jsonassert-1.5.0.jar;C:\Users\DWLL\.m2\repository\com\vaadin\external\google\android-json\0.0.20131108.vaadin1\android-json-0.0.20131108.vaadin1.jar;C:\Users\DWLL\.m2\repository\org\springframework\spring-core\5.3.3\spring-core-5.3.3.jar;C:\Users\DWLL\.m2\repository\org\springframework\spring-jcl\5.3.3\spring-jcl-5.3.3.jar;C:\Users\DWLL\.m2\repository\org\springframework\spring-test\5.3.3\spring-test-5.3.3.jar;C:\Users\DWLL\.m2\repository\org\xmlunit\xmlunit-core\2.7.0\xmlunit-core-2.7.0.jar;C:\Users\DWLL\.m2\repository\org\jsmart\zerocode-tdd\1.3.27\zerocode-tdd-1.3.27.jar;C:\Users\DWLL\.m2\repository\com\fasterxml\jackson\dataformat\jackson-dataformat-yaml\2.9.8\jackson-dataformat-yaml-2.9.8.jar;C:\Users\DWLL\.m2\repository\com\univocity\univocity-parsers\2.8.2\univocity-parsers-2.8.2.jar;C:\Users\DWLL\.m2\repository\com\google\code\gson\gson\2.6.2\gson-2.6.2.jar;C:\Users\DWLL\.m2\repository\org\apache\kafka\kafka-clients\2.1.0\kafka-clients-2.1.0.jar;C:\Users\DWLL\.m2\repository\com\github\luben\zstd-jni\1.3.5-4\zstd-jni-1.3.5-4.jar;C:\Users\DWLL\.m2\repository\org\lz4\lz4-java\1.5.0\lz4-java-1.5.0.jar;C:\Users\DWLL\.m2\repository\org\xerial\snappy\snappy-java\1.1.7.2\snappy-java-1.1.7.2.jar;C:\Users\DWLL\.m2\repository\org\json\json\20160810\json-20160810.jar;C:\Users\DWLL\.m2\repository\org\apache\velocity\velocity\1.7\velocity-1.7.jar;C:\Users\DWLL\.m2\repository\commons-collections\commons-collections\3.2.1\commons-collections-3.2.1.jar;C:\Users\DWLL\.m2\repository\com\fasterxml\jackson\dataformat\jackson-dataformat-csv\2.9.8\jackson-dataformat-csv-2.9.8.jar;C:\Users\DWLL\.m2\repository\commons-io\commons-io\2.4\commons-io-2.4.jar;C:\Users\DWLL\.m2\repository\com\github\tomakehurst\wiremock\2.19.0\wiremock-2.19.0.jar;C:\Users\DWLL\.m2\repository\org\eclipse\jetty\jetty-server\9.2.24.v20180105\jetty-server-9.2.24.v20180105.jar;C:\Users\DWLL\.m2\repository\javax\servlet\javax.servlet-api\3.1.0\javax.servlet-api-3.1.0.jar;C:\Users\DWLL\.m2\repository\org\eclipse\jetty\jetty-http\9.2.24.v20180105\jetty-http-9.2.24.v20180105.jar;C:\Users\DWLL\.m2\repository\org\eclipse\jetty\jetty-io\9.2.24.v20180105\jetty-io-9.2.24.v20180105.jar;C:\Users\DWLL\.m2\repository\org\eclipse\jetty\jetty-servlet\9.2.24.v20180105\jetty-servlet-9.2.24.v20180105.jar;C:\Users\DWLL\.m2\repository\org\eclipse\jetty\jetty-security\9.2.24.v20180105\jetty-security-9.2.24.v20180105.jar;C:\Users\DWLL\.m2\repository\org\eclipse\jetty\jetty-servlets\9.2.24.v20180105\jetty-servlets-9.2.24.v20180105.jar;C:\Users\DWLL\.m2\repository\org\eclipse\jetty\jetty-continuation\9.2.24.v20180105\jetty-continuation-9.2.24.v20180105.jar;C:\Users\DWLL\.m2\repository\org\eclipse\jetty\jetty-util\9.2.24.v20180105\jetty-util-9.2.24.v20180105.jar;C:\Users\DWLL\.m2\repository\org\eclipse\jetty\jetty-webapp\9.2.24.v20180105\jetty-webapp-9.2.24.v20180105.jar;C:\Users\DWLL\.m2\repository\org\eclipse\jetty\jetty-xml\9.2.24.v20180105\jetty-xml-9.2.24.v20180105.jar;C:\Users\DWLL\.m2\repository\org\xmlunit\xmlunit-legacy\2.5.1\xmlunit-legacy-2.5.1.jar;C:\Users\DWLL\.m2\repository\net\sf\jopt-simple\jopt-simple\5.0.3\jopt-simple-5.0.3.jar;C:\Users\DWLL\.m2\repository\org\apache\commons\commons-lang3\3.7\commons-lang3-3.7.jar;C:\Users\DWLL\.m2\repository\com\flipkart\zjsonpatch\zjsonpatch\0.4.4\zjsonpatch-0.4.4.jar;C:\Users\DWLL\.m2\repository\com\github\jknack\handlebars\4.0.7\handlebars-4.0.7.jar;C:\Users\DWLL\.m2\repository\org\antlr\antlr4-runtime\4.7.1\antlr4-runtime-4.7.1.jar;C:\Users\DWLL\.m2\repository\com\github\jknack\handlebars-helpers\4.0.7\handlebars-helpers-4.0.7.jar;C:\Users\DWLL\.m2\repository\ch\qos\logback\logback-classic\1.0.7\logback-classic-1.0.7.jar;C:\Users\DWLL\.m2\repository\ch\qos\logback\logback-core\1.0.7\logback-core-1.0.7.jar;C:\Users\DWLL\.m2\repository\org\jboss\resteasy\resteasy-jaxrs\2.2.1.GA\resteasy-jaxrs-2.2.1.GA.jar;C:\Users\DWLL\.m2\repository\org\jboss\resteasy\jaxrs-api\2.2.1.GA\jaxrs-api-2.2.1.GA.jar;C:\Users\DWLL\.m2\repository\org\scannotation\scannotation\1.0.3\scannotation-1.0.3.jar;C:\Users\DWLL\.m2\repository\javassist\javassist\3.12.1.GA\javassist-3.12.1.GA.jar;C:\Users\DWLL\.m2\repository\javax\annotation\jsr250-api\1.0\jsr250-api-1.0.jar;C:\Users\DWLL\.m2\repository\javax\activation\activation\1.1\activation-1.1.jar;C:\Users\DWLL\.m2\repository\commons-httpclient\commons-httpclient\3.1\commons-httpclient-3.1.jar;C:\Users\DWLL\.m2\repository\net\jcip\jcip-annotations\1.0\jcip-annotations-1.0.jar;C:\Users\DWLL\.m2\repository\commons-lang\commons-lang\2.6\commons-lang-2.6.jar;C:\Users\DWLL\.m2\repository\com\google\classpath-explorer\classpath-explorer\1.0\classpath-explorer-1.0.jar;C:\Users\DWLL\.m2\repository\org\jukito\jukito\1.4.1\jukito-1.4.1.jar;C:\Users\DWLL\.m2\repository\com\google\inject\extensions\guice-assistedinject\3.0\guice-assistedinject-3.0.jar;C:\Users\DWLL\.m2\repository\com\google\inject\guice\4.0\guice-4.0.jar;C:\Users\DWLL\.m2\repository\javax\inject\javax.inject\1\javax.inject-1.jar;C:\Users\DWLL\.m2\repository\aopalliance\aopalliance\1.0\aopalliance-1.0.jar;C:\Users\DWLL\.m2\repository\com\google\guava\guava\23.0\guava-23.0.jar;C:\Users\DWLL\.m2\repository\com\google\code\findbugs\jsr305\1.3.9\jsr305-1.3.9.jar;C:\Users\DWLL\.m2\repository\com\google\errorprone\error_prone_annotations\2.0.18\error_prone_annotations-2.0.18.jar;C:\Users\DWLL\.m2\repository\com\google\j2objc\j2objc-annotations\1.1\j2objc-annotations-1.1.jar;C:\Users\DWLL\.m2\repository\org\codehaus\mojo\animal-sniffer-annotations\1.14\animal-sniffer-annotations-1.14.jar;C:\Users\DWLL\.m2\repository\com\fasterxml\jackson\core\jackson-annotations\2.10.0\jackson-annotations-2.10.0.jar;C:\Users\DWLL\.m2\repository\com\fasterxml\jackson\core\jackson-core\2.10.0\jackson-core-2.10.0.jar;C:\Users\DWLL\.m2\repository\com\fasterxml\jackson\core\jackson-databind\2.10.0\jackson-databind-2.10.0.jar;C:\Users\DWLL\.m2\repository\com\fasterxml\jackson\datatype\jackson-datatype-jdk8\2.10.0\jackson-datatype-jdk8-2.10.0.jar;C:\Users\DWLL\.m2\repository\junit\junit\4.12\junit-4.12.jar;C:\Users\DWLL\.m2\repository\org\hamcrest\hamcrest-core\1.3\hamcrest-core-1.3.jar;C:\Users\DWLL\.m2\repository\org\apache\httpcomponents\httpclient\4.5\httpclient-4.5.jar;C:\Users\DWLL\.m2\repository\org\apache\httpcomponents\httpcore\4.4.1\httpcore-4.4.1.jar;C:\Users\DWLL\.m2\repository\commons-logging\commons-logging\1.2\commons-logging-1.2.jar;C:\Users\DWLL\.m2\repository\commons-codec\commons-codec\1.9\commons-codec-1.9.jar;C:\Users\DWLL\.m2\repository\com\aventstack\extentreports\4.0.9\extentreports-4.0.9.jar;C:\Users\DWLL\.m2\repository\org\freemarker\freemarker\2.3.23\freemarker-2.3.23.jar;C:\Users\DWLL\.m2\repository\org\mongodb\mongodb-driver\3.3.0\mongodb-driver-3.3.0.jar;C:\Users\DWLL\.m2\repository\org\mongodb\mongodb-driver-core\3.3.0\mongodb-driver-core-3.3.0.jar;C:\Users\DWLL\.m2\repository\org\mongodb\bson\3.3.0\bson-3.3.0.jar;C:\Users\DWLL\.m2\repository\org\apache\httpcomponents\httpmime\4.5.2\httpmime-4.5.2.jar;C:\Users\DWLL\.m2\repository\com\google\protobuf\protobuf-java\3.13.0\protobuf-java-3.13.0.jar;C:\Users\DWLL\.m2\repository\com\google\protobuf\protobuf-java-util\3.13.0\protobuf-java-util-3.13.0.jar;"/>
    <property name="java.vm.vendor" value="Oracle Corporation"/>
    <property name="sun.arch.data.model" value="64"/>
    <property name="user.variant" value=""/>
    <property name="java.vendor.url" value="http://java.oracle.com/"/>
    <property name="user.timezone" value="Asia/Calcutta"/>
    <property name="java.vm.specification.version" value="1.8"/>
    <property name="os.name" value="Windows 10"/>
    <property name="user.country" value="US"/>
    <property name="sun.java.launcher" value="SUN_STANDARD"/>
    <property name="sun.boot.library.path" value="D:\Priya\softwares\java8\jre\bin"/>
    <property name="sun.java.command" value="C:\Users\DWLL\AppData\Local\Temp\surefire1044344163100006446\surefirebooter8921358630929900945.jar C:\Users\DWLL\AppData\Local\Temp\surefire1044344163100006446 2022-10-31T17-39-47_678-jvmRun1 surefire4462790720211169578tmp surefire_01781897232670534175tmp"/>
    <property name="surefire.test.class.path" value="D:\Priya\geeksforgeeks\tutorials-master\tutorials-master\testing-modules\zerocode\target\test-classes;D:\Priya\geeksforgeeks\tutorials-master\tutorials-master\testing-modules\zerocode\target\zerocode-1.0-SNAPSHOT.jar;C:\Users\DWLL\.m2\repository\org\springframework\boot\spring-boot-starter-web\2.4.2\spring-boot-starter-web-2.4.2.jar;C:\Users\DWLL\.m2\repository\org\springframework\boot\spring-boot-starter\2.4.2\spring-boot-starter-2.4.2.jar;C:\Users\DWLL\.m2\repository\org\springframework\boot\spring-boot\2.4.2\spring-boot-2.4.2.jar;C:\Users\DWLL\.m2\repository\org\springframework\boot\spring-boot-autoconfigure\2.4.2\spring-boot-autoconfigure-2.4.2.jar;C:\Users\DWLL\.m2\repository\org\springframework\boot\spring-boot-starter-logging\2.4.2\spring-boot-starter-logging-2.4.2.jar;C:\Users\DWLL\.m2\repository\org\apache\logging\log4j\log4j-to-slf4j\2.13.3\log4j-to-slf4j-2.13.3.jar;C:\Users\DWLL\.m2\repository\org\apache\logging\log4j\log4j-api\2.13.3\log4j-api-2.13.3.jar;C:\Users\DWLL\.m2\repository\org\slf4j\jul-to-slf4j\1.7.30\jul-to-slf4j-1.7.30.jar;C:\Users\DWLL\.m2\repository\jakarta\annotation\jakarta.annotation-api\1.3.5\jakarta.annotation-api-1.3.5.jar;C:\Users\DWLL\.m2\repository\org\yaml\snakeyaml\1.27\snakeyaml-1.27.jar;C:\Users\DWLL\.m2\repository\org\springframework\boot\spring-boot-starter-json\2.4.2\spring-boot-starter-json-2.4.2.jar;C:\Users\DWLL\.m2\repository\com\fasterxml\jackson\datatype\jackson-datatype-jsr310\2.11.4\jackson-datatype-jsr310-2.11.4.jar;C:\Users\DWLL\.m2\repository\com\fasterxml\jackson\module\jackson-module-parameter-names\2.11.4\jackson-module-parameter-names-2.11.4.jar;C:\Users\DWLL\.m2\repository\org\springframework\boot\spring-boot-starter-tomcat\2.4.2\spring-boot-starter-tomcat-2.4.2.jar;C:\Users\DWLL\.m2\repository\org\apache\tomcat\embed\tomcat-embed-core\9.0.41\tomcat-embed-core-9.0.41.jar;C:\Users\DWLL\.m2\repository\org\glassfish\jakarta.el\3.0.3\jakarta.el-3.0.3.jar;C:\Users\DWLL\.m2\repository\org\apache\tomcat\embed\tomcat-embed-websocket\9.0.41\tomcat-embed-websocket-9.0.41.jar;C:\Users\DWLL\.m2\repository\org\springframework\spring-web\5.3.3\spring-web-5.3.3.jar;C:\Users\DWLL\.m2\repository\org\springframework\spring-beans\5.3.3\spring-beans-5.3.3.jar;C:\Users\DWLL\.m2\repository\org\springframework\spring-webmvc\5.3.3\spring-webmvc-5.3.3.jar;C:\Users\DWLL\.m2\repository\org\springframework\spring-aop\5.3.3\spring-aop-5.3.3.jar;C:\Users\DWLL\.m2\repository\org\springframework\spring-context\5.3.3\spring-context-5.3.3.jar;C:\Users\DWLL\.m2\repository\org\springframework\spring-expression\5.3.3\spring-expression-5.3.3.jar;C:\Users\DWLL\.m2\repository\org\springframework\boot\spring-boot-starter-test\2.4.2\spring-boot-starter-test-2.4.2.jar;C:\Users\DWLL\.m2\repository\org\springframework\boot\spring-boot-test\2.4.2\spring-boot-test-2.4.2.jar;C:\Users\DWLL\.m2\repository\org\springframework\boot\spring-boot-test-autoconfigure\2.4.2\spring-boot-test-autoconfigure-2.4.2.jar;C:\Users\DWLL\.m2\repository\com\jayway\jsonpath\json-path\2.4.0\json-path-2.4.0.jar;C:\Users\DWLL\.m2\repository\net\minidev\json-smart\2.3\json-smart-2.3.jar;C:\Users\DWLL\.m2\repository\net\minidev\accessors-smart\1.2\accessors-smart-1.2.jar;C:\Users\DWLL\.m2\repository\org\ow2\asm\asm\5.0.4\asm-5.0.4.jar;C:\Users\DWLL\.m2\repository\org\slf4j\slf4j-api\1.7.25\slf4j-api-1.7.25.jar;C:\Users\DWLL\.m2\repository\jakarta\xml\bind\jakarta.xml.bind-api\2.3.3\jakarta.xml.bind-api-2.3.3.jar;C:\Users\DWLL\.m2\repository\jakarta\activation\jakarta.activation-api\1.2.2\jakarta.activation-api-1.2.2.jar;C:\Users\DWLL\.m2\repository\org\assertj\assertj-core\3.18.1\assertj-core-3.18.1.jar;C:\Users\DWLL\.m2\repository\org\hamcrest\hamcrest\2.2\hamcrest-2.2.jar;C:\Users\DWLL\.m2\repository\org\junit\jupiter\junit-jupiter\5.7.0\junit-jupiter-5.7.0.jar;C:\Users\DWLL\.m2\repository\org\junit\jupiter\junit-jupiter-api\5.7.0\junit-jupiter-api-5.7.0.jar;C:\Users\DWLL\.m2\repository\org\apiguardian\apiguardian-api\1.1.0\apiguardian-api-1.1.0.jar;C:\Users\DWLL\.m2\repository\org\opentest4j\opentest4j\1.2.0\opentest4j-1.2.0.jar;C:\Users\DWLL\.m2\repository\org\junit\platform\junit-platform-commons\1.7.0\junit-platform-commons-1.7.0.jar;C:\Users\DWLL\.m2\repository\org\junit\jupiter\junit-jupiter-params\5.7.0\junit-jupiter-params-5.7.0.jar;C:\Users\DWLL\.m2\repository\org\junit\jupiter\junit-jupiter-engine\5.7.0\junit-jupiter-engine-5.7.0.jar;C:\Users\DWLL\.m2\repository\org\junit\platform\junit-platform-engine\1.7.0\junit-platform-engine-1.7.0.jar;C:\Users\DWLL\.m2\repository\org\mockito\mockito-core\3.6.28\mockito-core-3.6.28.jar;C:\Users\DWLL\.m2\repository\net\bytebuddy\byte-buddy\1.10.18\byte-buddy-1.10.18.jar;C:\Users\DWLL\.m2\repository\net\bytebuddy\byte-buddy-agent\1.10.18\byte-buddy-agent-1.10.18.jar;C:\Users\DWLL\.m2\repository\org\objenesis\objenesis\3.1\objenesis-3.1.jar;C:\Users\DWLL\.m2\repository\org\mockito\mockito-junit-jupiter\3.6.28\mockito-junit-jupiter-3.6.28.jar;C:\Users\DWLL\.m2\repository\org\skyscreamer\jsonassert\1.5.0\jsonassert-1.5.0.jar;C:\Users\DWLL\.m2\repository\com\vaadin\external\google\android-json\0.0.20131108.vaadin1\android-json-0.0.20131108.vaadin1.jar;C:\Users\DWLL\.m2\repository\org\springframework\spring-core\5.3.3\spring-core-5.3.3.jar;C:\Users\DWLL\.m2\repository\org\springframework\spring-jcl\5.3.3\spring-jcl-5.3.3.jar;C:\Users\DWLL\.m2\repository\org\springframework\spring-test\5.3.3\spring-test-5.3.3.jar;C:\Users\DWLL\.m2\repository\org\xmlunit\xmlunit-core\2.7.0\xmlunit-core-2.7.0.jar;C:\Users\DWLL\.m2\repository\org\jsmart\zerocode-tdd\1.3.27\zerocode-tdd-1.3.27.jar;C:\Users\DWLL\.m2\repository\com\fasterxml\jackson\dataformat\jackson-dataformat-yaml\2.9.8\jackson-dataformat-yaml-2.9.8.jar;C:\Users\DWLL\.m2\repository\com\univocity\univocity-parsers\2.8.2\univocity-parsers-2.8.2.jar;C:\Users\DWLL\.m2\repository\com\google\code\gson\gson\2.6.2\gson-2.6.2.jar;C:\Users\DWLL\.m2\repository\org\apache\kafka\kafka-clients\2.1.0\kafka-clients-2.1.0.jar;C:\Users\DWLL\.m2\repository\com\github\luben\zstd-jni\1.3.5-4\zstd-jni-1.3.5-4.jar;C:\Users\DWLL\.m2\repository\org\lz4\lz4-java\1.5.0\lz4-java-1.5.0.jar;C:\Users\DWLL\.m2\repository\org\xerial\snappy\snappy-java\1.1.7.2\snappy-java-1.1.7.2.jar;C:\Users\DWLL\.m2\repository\org\json\json\20160810\json-20160810.jar;C:\Users\DWLL\.m2\repository\org\apache\velocity\velocity\1.7\velocity-1.7.jar;C:\Users\DWLL\.m2\repository\commons-collections\commons-collections\3.2.1\commons-collections-3.2.1.jar;C:\Users\DWLL\.m2\repository\com\fasterxml\jackson\dataformat\jackson-dataformat-csv\2.9.8\jackson-dataformat-csv-2.9.8.jar;C:\Users\DWLL\.m2\repository\commons-io\commons-io\2.4\commons-io-2.4.jar;C:\Users\DWLL\.m2\repository\com\github\tomakehurst\wiremock\2.19.0\wiremock-2.19.0.jar;C:\Users\DWLL\.m2\repository\org\eclipse\jetty\jetty-server\9.2.24.v20180105\jetty-server-9.2.24.v20180105.jar;C:\Users\DWLL\.m2\repository\javax\servlet\javax.servlet-api\3.1.0\javax.servlet-api-3.1.0.jar;C:\Users\DWLL\.m2\repository\org\eclipse\jetty\jetty-http\9.2.24.v20180105\jetty-http-9.2.24.v20180105.jar;C:\Users\DWLL\.m2\repository\org\eclipse\jetty\jetty-io\9.2.24.v20180105\jetty-io-9.2.24.v20180105.jar;C:\Users\DWLL\.m2\repository\org\eclipse\jetty\jetty-servlet\9.2.24.v20180105\jetty-servlet-9.2.24.v20180105.jar;C:\Users\DWLL\.m2\repository\org\eclipse\jetty\jetty-security\9.2.24.v20180105\jetty-security-9.2.24.v20180105.jar;C:\Users\DWLL\.m2\repository\org\eclipse\jetty\jetty-servlets\9.2.24.v20180105\jetty-servlets-9.2.24.v20180105.jar;C:\Users\DWLL\.m2\repository\org\eclipse\jetty\jetty-continuation\9.2.24.v20180105\jetty-continuation-9.2.24.v20180105.jar;C:\Users\DWLL\.m2\repository\org\eclipse\jetty\jetty-util\9.2.24.v20180105\jetty-util-9.2.24.v20180105.jar;C:\Users\DWLL\.m2\repository\org\eclipse\jetty\jetty-webapp\9.2.24.v20180105\jetty-webapp-9.2.24.v20180105.jar;C:\Users\DWLL\.m2\repository\org\eclipse\jetty\jetty-xml\9.2.24.v20180105\jetty-xml-9.2.24.v20180105.jar;C:\Users\DWLL\.m2\repository\org\xmlunit\xmlunit-legacy\2.5.1\xmlunit-legacy-2.5.1.jar;C:\Users\DWLL\.m2\repository\net\sf\jopt-simple\jopt-simple\5.0.3\jopt-simple-5.0.3.jar;C:\Users\DWLL\.m2\repository\org\apache\commons\commons-lang3\3.7\commons-lang3-3.7.jar;C:\Users\DWLL\.m2\repository\com\flipkart\zjsonpatch\zjsonpatch\0.4.4\zjsonpatch-0.4.4.jar;C:\Users\DWLL\.m2\repository\com\github\jknack\handlebars\4.0.7\handlebars-4.0.7.jar;C:\Users\DWLL\.m2\repository\org\antlr\antlr4-runtime\4.7.1\antlr4-runtime-4.7.1.jar;C:\Users\DWLL\.m2\repository\com\github\jknack\handlebars-helpers\4.0.7\handlebars-helpers-4.0.7.jar;C:\Users\DWLL\.m2\repository\ch\qos\logback\logback-classic\1.0.7\logback-classic-1.0.7.jar;C:\Users\DWLL\.m2\repository\ch\qos\logback\logback-core\1.0.7\logback-core-1.0.7.jar;C:\Users\DWLL\.m2\repository\org\jboss\resteasy\resteasy-jaxrs\2.2.1.GA\resteasy-jaxrs-2.2.1.GA.jar;C:\Users\DWLL\.m2\repository\org\jboss\resteasy\jaxrs-api\2.2.1.GA\jaxrs-api-2.2.1.GA.jar;C:\Users\DWLL\.m2\repository\org\scannotation\scannotation\1.0.3\scannotation-1.0.3.jar;C:\Users\DWLL\.m2\repository\javassist\javassist\3.12.1.GA\javassist-3.12.1.GA.jar;C:\Users\DWLL\.m2\repository\javax\annotation\jsr250-api\1.0\jsr250-api-1.0.jar;C:\Users\DWLL\.m2\repository\javax\activation\activation\1.1\activation-1.1.jar;C:\Users\DWLL\.m2\repository\commons-httpclient\commons-httpclient\3.1\commons-httpclient-3.1.jar;C:\Users\DWLL\.m2\repository\net\jcip\jcip-annotations\1.0\jcip-annotations-1.0.jar;C:\Users\DWLL\.m2\repository\commons-lang\commons-lang\2.6\commons-lang-2.6.jar;C:\Users\DWLL\.m2\repository\com\google\classpath-explorer\classpath-explorer\1.0\classpath-explorer-1.0.jar;C:\Users\DWLL\.m2\repository\org\jukito\jukito\1.4.1\jukito-1.4.1.jar;C:\Users\DWLL\.m2\repository\com\google\inject\extensions\guice-assistedinject\3.0\guice-assistedinject-3.0.jar;C:\Users\DWLL\.m2\repository\com\google\inject\guice\4.0\guice-4.0.jar;C:\Users\DWLL\.m2\repository\javax\inject\javax.inject\1\javax.inject-1.jar;C:\Users\DWLL\.m2\repository\aopalliance\aopalliance\1.0\aopalliance-1.0.jar;C:\Users\DWLL\.m2\repository\com\google\guava\guava\23.0\guava-23.0.jar;C:\Users\DWLL\.m2\repository\com\google\code\findbugs\jsr305\1.3.9\jsr305-1.3.9.jar;C:\Users\DWLL\.m2\repository\com\google\errorprone\error_prone_annotations\2.0.18\error_prone_annotations-2.0.18.jar;C:\Users\DWLL\.m2\repository\com\google\j2objc\j2objc-annotations\1.1\j2objc-annotations-1.1.jar;C:\Users\DWLL\.m2\repository\org\codehaus\mojo\animal-sniffer-annotations\1.14\animal-sniffer-annotations-1.14.jar;C:\Users\DWLL\.m2\repository\com\fasterxml\jackson\core\jackson-annotations\2.10.0\jackson-annotations-2.10.0.jar;C:\Users\DWLL\.m2\repository\com\fasterxml\jackson\core\jackson-core\2.10.0\jackson-core-2.10.0.jar;C:\Users\DWLL\.m2\repository\com\fasterxml\jackson\core\jackson-databind\2.10.0\jackson-databind-2.10.0.jar;C:\Users\DWLL\.m2\repository\com\fasterxml\jackson\datatype\jackson-datatype-jdk8\2.10.0\jackson-datatype-jdk8-2.10.0.jar;C:\Users\DWLL\.m2\repository\junit\junit\4.12\junit-4.12.jar;C:\Users\DWLL\.m2\repository\org\hamcrest\hamcrest-core\1.3\hamcrest-core-1.3.jar;C:\Users\DWLL\.m2\repository\org\apache\httpcomponents\httpclient\4.5\httpclient-4.5.jar;C:\Users\DWLL\.m2\repository\org\apache\httpcomponents\httpcore\4.4.1\httpcore-4.4.1.jar;C:\Users\DWLL\.m2\repository\commons-logging\commons-logging\1.2\commons-logging-1.2.jar;C:\Users\DWLL\.m2\repository\commons-codec\commons-codec\1.9\commons-codec-1.9.jar;C:\Users\DWLL\.m2\repository\com\aventstack\extentreports\4.0.9\extentreports-4.0.9.jar;C:\Users\DWLL\.m2\repository\org\freemarker\freemarker\2.3.23\freemarker-2.3.23.jar;C:\Users\DWLL\.m2\repository\org\mongodb\mongodb-driver\3.3.0\mongodb-driver-3.3.0.jar;C:\Users\DWLL\.m2\repository\org\mongodb\mongodb-driver-core\3.3.0\mongodb-driver-core-3.3.0.jar;C:\Users\DWLL\.m2\repository\org\mongodb\bson\3.3.0\bson-3.3.0.jar;C:\Users\DWLL\.m2\repository\org\apache\httpcomponents\httpmime\4.5.2\httpmime-4.5.2.jar;C:\Users\DWLL\.m2\repository\com\google\protobuf\protobuf-java\3.13.0\protobuf-java-3.13.0.jar;C:\Users\DWLL\.m2\repository\com\google\protobuf\protobuf-java-util\3.13.0\protobuf-java-util-3.13.0.jar;"/>
    <property name="sun.cpu.endian" value="little"/>
    <property name="user.home" value="C:\Users\DWLL"/>
    <property name="user.language" value="en"/>
    <property name="java.specification.vendor" value="Oracle Corporation"/>
    <property name="java.home" value="D:\Priya\softwares\java8\jre"/>
    <property name="basedir" value="D:\Priya\geeksforgeeks\tutorials-master\tutorials-master\testing-modules\zerocode"/>
    <property name="file.separator" value="\"/>
    <property name="line.separator" value="&#10;"/>
    <property name="java.vm.specification.vendor" value="Oracle Corporation"/>
    <property name="java.specification.name" value="Java Platform API Specification"/>
    <property name="java.awt.graphicsenv" value="sun.awt.Win32GraphicsEnvironment"/>
    <property name="surefire.real.class.path" value="C:\Users\DWLL\AppData\Local\Temp\surefire1044344163100006446\surefirebooter8921358630929900945.jar"/>
    <property name="sun.boot.class.path" value="D:\Priya\softwares\java8\jre\lib\resources.jar;D:\Priya\softwares\java8\jre\lib\rt.jar;D:\Priya\softwares\java8\jre\lib\sunrsasign.jar;D:\Priya\softwares\java8\jre\lib\jsse.jar;D:\Priya\softwares\java8\jre\lib\jce.jar;D:\Priya\softwares\java8\jre\lib\charsets.jar;D:\Priya\softwares\java8\jre\lib\jfr.jar;D:\Priya\softwares\java8\jre\classes"/>
    <property name="user.script" value=""/>
    <property name="sun.management.compiler" value="HotSpot 64-Bit Tiered Compilers"/>
    <property name="java.runtime.version" value="1.8.0_251-b08"/>
    <property name="user.name" value="DWLL"/>
    <property name="path.separator" value=";"/>
    <property name="os.version" value="10.0"/>
    <property name="java.endorsed.dirs" value="D:\Priya\softwares\java8\jre\lib\endorsed"/>
    <property name="java.runtime.name" value="Java(TM) SE Runtime Environment"/>
    <property name="file.encoding" value="Cp1252"/>
    <property name="java.vm.name" value="Java HotSpot(TM) 64-Bit Server VM"/>
    <property name="localRepository" value="C:\Users\DWLL\.m2\repository"/>
    <property name="java.vendor.url.bug" value="http://bugreport.sun.com/bugreport/"/>
    <property name="java.io.tmpdir" value="C:\Users\DWLL\AppData\Local\Temp\"/>
    <property name="java.version" value="1.8.0_251"/>
    <property name="user.dir" value="D:\Priya\geeksforgeeks\tutorials-master\tutorials-master\testing-modules\zerocode"/>
    <property name="os.arch" value="amd64"/>
    <property name="java.vm.specification.name" value="Java Virtual Machine Specification"/>
    <property name="java.awt.printerjob" value="sun.awt.windows.WPrinterJob"/>
    <property name="sun.os.patch.level" value=""/>
    <property name="java.library.path" value="D:\Priya\softwares\java8\jre\bin;C:\Windows\Sun\Java\bin;C:\Windows\system32;C:\Windows;C:\Program Files (x86)\Intel\iCLS Client\;C:\Program Files\Intel\iCLS Client\;C:\Windows\system32;C:\Windows;C:\Windows\System32\Wbem;C:\Windows\System32\WindowsPowerShell\v1.0\;C:\Program Files (x86)\Intel\Intel(R) Management Engine Components\DAL;C:\Program Files\Intel\Intel(R) Management Engine Components\DAL;C:\Program Files (x86)\Intel\Intel(R) Management Engine Components\IPT;C:\Program Files\Intel\Intel(R) Management Engine Components\IPT;C:\Program Files (x86)\mingw-w64\i686-8.1.0-posix-dwarf-rt_v6-rev0\mingw32\bin;D:\Priya\softwares\java8\bin;C:\Program Files\MongoDB\Server\4.2\bin;D:\Ruchitaa\softwares\MongoDB\Server\4.2\bin\;C:\Users\DWLL\AppData\Local\Android\Sdk\tools;C:\Users\DWLL\AppData\Local\Android\Sdk\platform-tools;C:\ProgramData\Microsoft\Windows\Start Menu\Programs\Node.js;C:\MinGW\mingw32\bin;C:\Program Files\Microsoft SQL Server\Client SDK\ODBC\170\Tools\Binn\;C:\Program Files (x86)\Microsoft SQL Server\150\Tools\Binn\;C:\Program Files\Microsoft SQL Server\150\Tools\Binn\;C:\Program Files\Microsoft SQL Server\150\DTS\Binn\;C:\Program Files (x86)\Microsoft SQL Server\150\DTS\Binn\;C:\Program Files\nodejs\;C:\Program Files\Git\cmd;C:\Program Files\PuTTY\;D:\Priya\softwares\apache-maven-3.8.5-bin\apache-maven-3.8.5\bin;D:\Priya\softwares\apache-tomcat-7.0.34-windows-x64\apache-tomcat-7.0.34\bin;D:\Priya\flutter_windows_3.3.1-stable\flutter\bin;C:\Users\DWLL\AppData\Local\Android\Sdk\platform-tools;D:\Priya\softwares\geckodriver-v0.31.0-win64\geckodriver.exe;C:\Users\DWLL\AppData\Local\Programs\Python\Python310\Scripts\;C:\Users\DWLL\AppData\Local\Programs\Python\Python310\;C:\Program Files\MySQL\MySQL Shell 8.0\bin\;C:\Users\DWLL\AppData\Local\Microsoft\WindowsApps;D:\App development\flutter_windows_1.22.2-stable\flutter\bin;D:\VS CODE\Microsoft VS Code\bin;C:\Program Files\JetBrains\PyCharm Community Edition 2021.1.1\bin;C:\Program Files\Azure Data Studio\bin;C:\Users\DWLL\AppData\Roaming\npm;C:\Users\DWLL\AppData\Local\Programs\Microsoft VS Code\bin;C:\Users\DWLL\AppData\Local\Programs\Azure Data Studio\bin;D:\Priya\intellij\IntelliJ IDEA Community Edition 2022.2.3\bin;."/>
    <property name="java.vm.info" value="mixed mode"/>
    <property name="java.vendor" value="Oracle Corporation"/>
    <property name="java.vm.version" value="25.251-b08"/>
    <property name="java.ext.dirs" value="D:\Priya\softwares\java8\jre\lib\ext;C:\Windows\Sun\Java\lib\ext"/>
    <property name="sun.io.unicode.encoding" value="UnicodeLittle"/>
    <property name="java.class.version" value="52.0"/>
  </properties>
  <testcase name="test_geekuser_creation_endpoint" classname="com.gfg.zerocode.rest.GeekUserEndpointIT" time="1.716">
    <system-out><![CDATA[17:39:49,352 |-INFO in ch.qos.logback.classic.LoggerContext[default] - Could NOT find resource [logback.groovy]
17:39:49,352 |-INFO in ch.qos.logback.classic.LoggerContext[default] - Could NOT find resource [logback-test.xml]
17:39:49,352 |-INFO in ch.qos.logback.classic.LoggerContext[default] - Found resource [logback.xml] at [jar:file:/C:/Users/DWLL/.m2/repository/org/jsmart/zerocode-tdd/1.3.27/zerocode-tdd-1.3.27.jar!/logback.xml]
17:39:49,365 |-INFO in ch.qos.logback.core.joran.spi.ConfigurationWatchList@51cdd8a - URL [jar:file:/C:/Users/DWLL/.m2/repository/org/jsmart/zerocode-tdd/1.3.27/zerocode-tdd-1.3.27.jar!/logback.xml] is not of type file
17:39:49,575 |-INFO in ch.qos.logback.classic.joran.action.ConfigurationAction - debug attribute not set
17:39:49,588 |-INFO in ch.qos.logback.core.joran.action.AppenderAction - About to instantiate appender of type [ch.qos.logback.core.FileAppender]
17:39:49,595 |-INFO in ch.qos.logback.core.joran.action.AppenderAction - Naming appender as [fileAppender]
17:39:49,674 |-INFO in ch.qos.logback.core.joran.action.NestedComplexPropertyIA - Assuming default type [ch.qos.logback.classic.encoder.PatternLayoutEncoder] for [encoder] property
17:39:49,753 |-INFO in ch.qos.logback.core.FileAppender[fileAppender] - File property is set to [target/logs/zerocode_rest_bdd_logs.log]
17:39:49,755 |-INFO in ch.qos.logback.core.joran.action.AppenderAction - About to instantiate appender of type [ch.qos.logback.core.ConsoleAppender]
17:39:49,757 |-INFO in ch.qos.logback.core.joran.action.AppenderAction - Naming appender as [consoleAppender]
17:39:49,773 |-WARN in ch.qos.logback.core.ConsoleAppender[consoleAppender] - This appender no longer admits a layout as a sub-component, set an encoder instead.
17:39:49,773 |-WARN in ch.qos.logback.core.ConsoleAppender[consoleAppender] - To ensure compatibility, wrapping your layout in LayoutWrappingEncoder.
17:39:49,773 |-WARN in ch.qos.logback.core.ConsoleAppender[consoleAppender] - See also http://logback.qos.ch/codes.html#layoutInsteadOfEncoder for details
17:39:49,773 |-INFO in ch.qos.logback.classic.joran.action.RootLoggerAction - Setting level of ROOT logger to INFO
17:39:49,773 |-INFO in ch.qos.logback.core.joran.action.AppenderRefAction - Attaching appender named [fileAppender] to Logger[ROOT]
17:39:49,774 |-INFO in ch.qos.logback.core.joran.action.AppenderRefAction - Attaching appender named [consoleAppender] to Logger[ROOT]
17:39:49,774 |-INFO in ch.qos.logback.classic.joran.action.ConfigurationAction - End of configuration.
17:39:49,785 |-INFO in ch.qos.logback.classic.joran.JoranConfigurator@d44fc21 - Registering current configuration as safe fallback point

2022-10-31 17:39:49,824 &amp#27;[32m[main]&amp#27;[0;39m &amp#27;[34mINFO&amp#27;[0;39m org.jsmart.zerocode.core.utils.RunnerUtils - &amp#27;[34m### testClass : class com.gfg.zerocode.rest.GeekUserEndpointIT
&amp#27;[0;39m2022-10-31 17:39:50,594 &amp#27;[32m[main]&amp#27;[0;39m &amp#27;[34mINFO&amp#27;[0;39m org.jsmart.zerocode.core.utils.RunnerUtils - &amp#27;[34m### testClass : class com.gfg.zerocode.rest.GeekUserEndpointIT
&amp#27;[0;39m2022-10-31 17:39:50,701 &amp#27;[32m[main]&amp#27;[0;39m &amp#27;[34mINFO&amp#27;[0;39m org.jsmart.zerocode.core.utils.RunnerUtils - &amp#27;[34m### testClass : class com.gfg.zerocode.rest.GeekUserEndpointIT
&amp#27;[0;39m2022-10-31 17:39:50,727 &amp#27;[32m[main]&amp#27;[0;39m &amp#27;[34mINFO&amp#27;[0;39m org.jsmart.zerocode.core.runner.ZeroCodeUnitRunner - &amp#27;[34mSystem property zerocode.junit=null
&amp#27;[0;39m2022-10-31 17:39:50,908 &amp#27;[32m[main]&amp#27;[0;39m &amp#27;[34mINFO&amp#27;[0;39m org.jsmart.zerocode.core.runner.ZeroCodeMultiStepsScenarioRunnerImpl - &amp#27;[34m
-------------------------- BDD: Scenario:test user creation endpoint -------------------------

&amp#27;[0;39m2022-10-31 17:39:50,951 &amp#27;[32m[main]&amp#27;[0;39m &amp#27;[34mINFO&amp#27;[0;39m org.jsmart.zerocode.core.runner.ZeroCodeMultiStepsScenarioRunnerImpl - &amp#27;[34m
-------------------------------------------------------------------------
     Executing Scenario Count No. or parameter No. or Row No. | 0 | 
-------------------------------------------------------------------------
&amp#27;[0;39m2022-10-31 17:39:51,135 &amp#27;[32m[main]&amp#27;[0;39m &amp#27;[34mINFO&amp#27;[0;39m org.jsmart.zerocode.core.httpclient.ssl.SslTrustHttpClient - &amp#27;[34m###Used SSL Enabled Http Client for http/https/TLS connections
&amp#27;[0;39m2022-10-31 17:39:52,279 &amp#27;[32m[main]&amp#27;[0;39m &amp#27;[34mINFO&amp#27;[0;39m org.jsmart.zerocode.core.engine.validators.ZeroCodeValidatorImpl - &amp#27;[34mComparing results via LENIENT matchers
&amp#27;[0;39m2022-10-31 17:39:52,289 &amp#27;[32m[main]&amp#27;[0;39m &amp#27;[34mINFO&amp#27;[0;39m org.jsmart.zerocode.core.runner.StepNotificationHandler - &amp#27;[34m
***Step PASSED - Scenario:test user creation endpoint -> test_successful_creation
&amp#27;[0;39m2022-10-31 17:39:52,293 &amp#27;[32m[main]&amp#27;[0;39m &amp#27;[31mWARN&amp#27;[0;39m org.jsmart.zerocode.core.runner.ZeroCodeMultiStepsScenarioRunnerImpl - &amp#27;[34m
--------- TEST-STEP-CORRELATION-ID: 1295d706-9848-49e2-84d3-b4bd6d24f1b0 ---------
*requestTimeStamp:2022-10-31T17:39:51.089
step:test_successful_creation
id:null
url:http://localhost:8080/api/users
method:POST
request:
{
  "body" : {
    "firstName" : "Rachel",
    "lastName" : "Green",
    "departmentName" : "IT",
    "salary" : 100000.0
  }
} 
--------- TEST-STEP-CORRELATION-ID: 1295d706-9848-49e2-84d3-b4bd6d24f1b0 ---------
Response:
{
  "status" : 201,
  "headers" : {
    "Date" : [ "Mon, 31 Oct 2022 12:09:52 GMT" ],
    "Transfer-Encoding" : [ "chunked" ],
    "Keep-Alive" : [ "timeout=60" ],
    "Content-Type" : [ "application/json" ],
    "Connection" : [ "keep-alive" ]
  },
  "body" : {
    "id" : "dcab78fd-b6b1-4695-88eb-b4021946e290",
    "firstName" : "Rachel",
    "lastName" : "Green",
    "departmentName" : "IT",
    "salary" : 100000.0
  }
}
*responseTimeStamp:2022-10-31T17:39:52.278 
*Response delay:1189.0 milli-secs 
---------> Expected Response: <----------
{
  "status" : 201,
  "body" : {
    "id" : "$NOT.NULL",
    "firstName" : "Rachel",
    "lastName" : "Green",
    "departmentName" : "IT",
    "salary" : 100000.0
  }
} 
 
-done-

&amp#27;[0;39m2022-10-31 17:39:52,297 &amp#27;[32m[main]&amp#27;[0;39m &amp#27;[34mINFO&amp#27;[0;39m org.jsmart.zerocode.core.httpclient.ssl.SslTrustHttpClient - &amp#27;[34m###Used SSL Enabled Http Client for http/https/TLS connections
&amp#27;[0;39m2022-10-31 17:39:52,311 &amp#27;[32m[main]&amp#27;[0;39m &amp#27;[31mWARN&amp#27;[0;39m org.jsmart.zerocode.core.engine.executor.httpapi.HttpApiExecutorImpl - &amp#27;[34m
---------------------------------------------

						 * Warning *  

Output was not a valid JSON body. It was treated as a simple rawBody. If it was intentional, you can ignore this warning. 
 -OR- Update your assertions block with "rawBody" instead of "body" 
 e.g. "rawBody" : "an expected string "

---------------------------------------------
&amp#27;[0;39m2022-10-31 17:39:52,312 &amp#27;[32m[main]&amp#27;[0;39m &amp#27;[34mINFO&amp#27;[0;39m org.jsmart.zerocode.core.engine.validators.ZeroCodeValidatorImpl - &amp#27;[34mComparing results via LENIENT matchers
&amp#27;[0;39m2022-10-31 17:39:52,314 &amp#27;[32m[main]&amp#27;[0;39m &amp#27;[34mINFO&amp#27;[0;39m org.jsmart.zerocode.core.runner.StepNotificationHandler - &amp#27;[34m
***Step PASSED - Scenario:test user creation endpoint -> test_firstname_validation
&amp#27;[0;39m2022-10-31 17:39:52,315 &amp#27;[32m[main]&amp#27;[0;39m &amp#27;[31mWARN&amp#27;[0;39m org.jsmart.zerocode.core.runner.ZeroCodeMultiStepsScenarioRunnerImpl - &amp#27;[34m
--------- TEST-STEP-CORRELATION-ID: 88cf59fd-5fbd-432a-b20b-3ff3d1001408 ---------
*requestTimeStamp:2022-10-31T17:39:52.296
step:test_firstname_validation
id:null
url:http://localhost:8080/api/users
method:POST
request:
{
  "body" : {
    "firstName" : "",
    "lastName" : "Bing",
    "departmentName" : "IT",
    "salary" : 100000.0
  }
} 
--------- TEST-STEP-CORRELATION-ID: 88cf59fd-5fbd-432a-b20b-3ff3d1001408 ---------
Response:
{
  "status" : 400,
  "headers" : {
    "Date" : [ "Mon, 31 Oct 2022 12:09:52 GMT" ],
    "Content-Length" : [ "25" ],
    "Content-Type" : [ "text/plain;charset=UTF-8" ],
    "Connection" : [ "close" ]
  },
  "rawBody" : "firstName can't be empty!"
}
*responseTimeStamp:2022-10-31T17:39:52.312 
*Response delay:16.0 milli-secs 
---------> Expected Response: <----------
{
  "status" : 400,
  "rawBody" : "firstName can't be empty!"
} 
 
-done-

&amp#27;[0;39m2022-10-31 17:39:52,317 &amp#27;[32m[main]&amp#27;[0;39m &amp#27;[34mINFO&amp#27;[0;39m org.jsmart.zerocode.core.httpclient.ssl.SslTrustHttpClient - &amp#27;[34m###Used SSL Enabled Http Client for http/https/TLS connections
&amp#27;[0;39m2022-10-31 17:39:52,325 &amp#27;[32m[main]&amp#27;[0;39m &amp#27;[31mWARN&amp#27;[0;39m org.jsmart.zerocode.core.engine.executor.httpapi.HttpApiExecutorImpl - &amp#27;[34m
---------------------------------------------

						 * Warning *  

Output was not a valid JSON body. It was treated as a simple rawBody. If it was intentional, you can ignore this warning. 
 -OR- Update your assertions block with "rawBody" instead of "body" 
 e.g. "rawBody" : "an expected string "

---------------------------------------------
&amp#27;[0;39m2022-10-31 17:39:52,326 &amp#27;[32m[main]&amp#27;[0;39m &amp#27;[34mINFO&amp#27;[0;39m org.jsmart.zerocode.core.engine.validators.ZeroCodeValidatorImpl - &amp#27;[34mComparing results via LENIENT matchers
&amp#27;[0;39m2022-10-31 17:39:52,327 &amp#27;[32m[main]&amp#27;[0;39m &amp#27;[34mINFO&amp#27;[0;39m org.jsmart.zerocode.core.runner.StepNotificationHandler - &amp#27;[34m
***Step PASSED - Scenario:test user creation endpoint -> test_lastname_validation
&amp#27;[0;39m2022-10-31 17:39:52,328 &amp#27;[32m[main]&amp#27;[0;39m &amp#27;[31mWARN&amp#27;[0;39m org.jsmart.zerocode.core.runner.ZeroCodeMultiStepsScenarioRunnerImpl - &amp#27;[34m
--------- TEST-STEP-CORRELATION-ID: a478ebdf-a02b-47bb-98a7-07b3718ee378 ---------
*requestTimeStamp:2022-10-31T17:39:52.316
step:test_lastname_validation
id:null
url:http://localhost:8080/api/users
method:POST
request:
{
  "body" : {
    "firstName" : "Monica",
    "lastName" : "",
    "departmentName" : "Chef",
    "salary" : 100000.0
  }
} 
--------- TEST-STEP-CORRELATION-ID: a478ebdf-a02b-47bb-98a7-07b3718ee378 ---------
Response:
{
  "status" : 400,
  "headers" : {
    "Date" : [ "Mon, 31 Oct 2022 12:09:52 GMT" ],
    "Content-Length" : [ "24" ],
    "Content-Type" : [ "text/plain;charset=UTF-8" ],
    "Connection" : [ "close" ]
  },
  "rawBody" : "lastName can't be empty!"
}
*responseTimeStamp:2022-10-31T17:39:52.326 
*Response delay:10.0 milli-secs 
---------> Expected Response: <----------
{
  "status" : 400,
  "rawBody" : "lastName can't be empty!"
} 
 
-done-

&amp#27;[0;39m2022-10-31 17:39:52,330 &amp#27;[32m[main]&amp#27;[0;39m &amp#27;[34mINFO&amp#27;[0;39m org.jsmart.zerocode.core.httpclient.ssl.SslTrustHttpClient - &amp#27;[34m###Used SSL Enabled Http Client for http/https/TLS connections
&amp#27;[0;39m2022-10-31 17:39:52,338 &amp#27;[32m[main]&amp#27;[0;39m &amp#27;[31mWARN&amp#27;[0;39m org.jsmart.zerocode.core.engine.executor.httpapi.HttpApiExecutorImpl - &amp#27;[34m
---------------------------------------------

						 * Warning *  

Output was not a valid JSON body. It was treated as a simple rawBody. If it was intentional, you can ignore this warning. 
 -OR- Update your assertions block with "rawBody" instead of "body" 
 e.g. "rawBody" : "an expected string "

---------------------------------------------
&amp#27;[0;39m2022-10-31 17:39:52,340 &amp#27;[32m[main]&amp#27;[0;39m &amp#27;[34mINFO&amp#27;[0;39m org.jsmart.zerocode.core.engine.validators.ZeroCodeValidatorImpl - &amp#27;[34mComparing results via LENIENT matchers
&amp#27;[0;39m2022-10-31 17:39:52,341 &amp#27;[32m[main]&amp#27;[0;39m &amp#27;[34mINFO&amp#27;[0;39m org.jsmart.zerocode.core.runner.StepNotificationHandler - &amp#27;[34m
***Step PASSED - Scenario:test user creation endpoint -> test_departmentname_validation
&amp#27;[0;39m2022-10-31 17:39:52,341 &amp#27;[32m[main]&amp#27;[0;39m &amp#27;[31mWARN&amp#27;[0;39m org.jsmart.zerocode.core.runner.ZeroCodeMultiStepsScenarioRunnerImpl - &amp#27;[34m
--------- TEST-STEP-CORRELATION-ID: c9f38a86-eff2-44e4-a8d0-ceae63b41b48 ---------
*requestTimeStamp:2022-10-31T17:39:52.329
step:test_departmentname_validation
id:null
url:http://localhost:8080/api/users
method:POST
request:
{
  "body" : {
    "firstName" : "Phoebe",
    "lastName" : "Buffe",
    "departmentName" : "",
    "salary" : 50000.0
  }
} 
--------- TEST-STEP-CORRELATION-ID: c9f38a86-eff2-44e4-a8d0-ceae63b41b48 ---------
Response:
{
  "status" : 400,
  "headers" : {
    "Date" : [ "Mon, 31 Oct 2022 12:09:52 GMT" ],
    "Content-Length" : [ "29" ],
    "Content-Type" : [ "text/plain;charset=UTF-8" ],
    "Connection" : [ "close" ]
  },
  "rawBody" : "DeparmentName can't be empty!"
}
*responseTimeStamp:2022-10-31T17:39:52.339 
*Response delay:10.0 milli-secs 
---------> Expected Response: <----------
{
  "status" : 400,
  "rawBody" : "DeparmentName can't be empty!"
} 
 
-done-

&amp#27;[0;39m2022-10-31 17:39:52,487 &amp#27;[32m[main]&amp#27;[0;39m &amp#27;[34mINFO&amp#27;[0;39m org.jsmart.zerocode.core.runner.ZeroCodeUnitRunner - &amp#27;[34m
**FINISHED executing all Steps for [test user creation endpoint] **.
Steps were:[test_successful_creation, test_firstname_validation, test_lastname_validation, test_departmentname_validation]
&amp#27;[0;39m]]></system-out>
  </testcase>
</testsuite>